<?xml version="1.0" encoding="UTF-8"?>
<!-- Generated by org.testng.reporters.JUnitXMLReporter -->
<testsuite ignored="0" hostname="DESKTOP-2VN85IF" failures="0" tests="3" name="Test-1" time="51.371" errors="0" timestamp="2024-11-29T11:23:06 EST">
  <testcase classname="com.comcast.crm.neworgtest.CreateOrganizationTest" name="createOrganization" time="10.546"/>
  <testcase classname="com.comcast.crm.neworgtest.CreateOrganizationTest" name="createOrganizationwithphoneno" time="10.919"/>
  <testcase classname="com.comcast.crm.neworgtest.CreateOrganizationTest" name="createorgwithtype" time="10.511"/>
</testsuite> <!-- Test-1 -->
