<?xml version="1.0" encoding="UTF-8"?>
<!-- Generated by org.testng.reporters.JUnitXMLReporter -->
<testsuite ignored="0" hostname="DESKTOP-2VN85IF" failures="0" tests="3" name="Test-2" time="60.535" errors="0" timestamp="2024-11-29T11:23:15 EST">
  <testcase classname="com.comcast.crm.newcontacttest.CreateContactTest" name="CreateContact" time="10.591"/>
  <testcase classname="com.comcast.crm.newcontacttest.CreateContactTest" name="CreateContactDate" time="11.49"/>
  <testcase classname="com.comcast.crm.newcontacttest.CreateContactTest" name="creatcontactWithOrg" time="19.784"/>
</testsuite> <!-- Test-2 -->
