<?xml version="1.0" encoding="UTF-8"?>
<!-- Generated by org.testng.reporters.JUnitReportReporter -->
<testsuite hostname="DESKTOP-2VN85IF" failures="0" tests="1" name="practice.testng.SoftAssert1" time="0.040" errors="0" timestamp="2024-12-02T16:57:32 EST" skipped="0">
  <testcase classname="practice.testng.SoftAssert1" name="softassert1" time="0.040"/>
  <system-out/>
</testsuite> <!-- practice.testng.SoftAssert1 -->
