<?xml version="1.0" encoding="UTF-8"?>
<!-- Generated by org.testng.reporters.JUnitReportReporter -->
<testsuite hostname="DESKTOP-2VN85IF" failures="0" tests="1" name="practice.testng.SampleTest" time="0.008" errors="0" timestamp="2024-11-25T10:41:55 EST" skipped="0">
  <testcase classname="practice.testng.SampleTest" name="test1" time="0.008"/>
</testsuite> <!-- practice.testng.SampleTest -->
