<?xml version="1.0" encoding="UTF-8"?>
<!-- Generated by org.testng.reporters.JUnitReportReporter -->
<testsuite hostname="DESKTOP-2VN85IF" failures="0" tests="1" name="practice.testng.SoftAssrtwthout_sa" time="0.016" errors="0" timestamp="2024-12-02T17:13:11 EST" skipped="0">
  <testcase classname="practice.testng.SoftAssrtwthout_sa" name="softAssrtwthout_sa" time="0.016"/>
  <system-out/>
</testsuite> <!-- practice.testng.SoftAssrtwthout_sa -->
