<?xml version="1.0" encoding="UTF-8"?>
<!-- Generated by org.testng.reporters.JUnitReportReporter -->
<testsuite hostname="DESKTOP-2VN85IF" failures="0" tests="1" name="com.comcast.crm.newcontacttest.CreatcontactWithOrgTest" time="21.717" errors="0" timestamp="2024-11-28T14:55:19 EST" skipped="0">
  <testcase classname="com.comcast.crm.newcontacttest.CreatcontactWithOrgTest" name="creatcontactWithOrg" time="21.717"/>
</testsuite> <!-- com.comcast.crm.newcontacttest.CreatcontactWithOrgTest -->
