<?xml version="1.0" encoding="UTF-8"?>
<!-- Generated by org.testng.reporters.JUnitReportReporter -->
<testsuite hostname="DESKTOP-2VN85IF" failures="0" tests="3" name="practice.testng.FruitsTest" time="18.255" errors="0" timestamp="2024-12-02T18:00:47 EST" skipped="0">
  <testcase classname="practice.testng.FruitsTest" name="ht" time="6.322"/>
  <system-out/>
  <testcase classname="practice.testng.FruitsTest" name="mt" time="6.019"/>
  <system-out/>
  <testcase classname="practice.testng.FruitsTest" name="bTest" time="5.914"/>
  <system-out/>
</testsuite> <!-- practice.testng.FruitsTest -->
