<?xml version="1.0" encoding="UTF-8"?>
<!-- Generated by org.testng.reporters.JUnitReportReporter -->
<testsuite hostname="DESKTOP-2VN85IF" failures="0" tests="1" name="com.comcast.crm.neworgtest.CreateOrganizationTest" time="182.295" errors="0" timestamp="2024-12-11T17:45:27 EST" skipped="0">
  <testcase classname="com.comcast.crm.neworgtest.CreateOrganizationTest" name="createOrganization" time="182.295"/>
  <system-out/>
</testsuite> <!-- com.comcast.crm.neworgtest.CreateOrganizationTest -->
