<?xml version="1.0" encoding="UTF-8"?>
<!-- Generated by org.testng.reporters.JUnitReportReporter -->
<testsuite hostname="DESKTOP-2VN85IF" failures="0" tests="2" name="practice.testng.InvoiceTest" time="46.933" errors="0" timestamp="2024-12-06T17:34:22 EST" skipped="0">
  <testcase classname="practice.testng.InvoiceTest" name="createInvoiceTest" time="20.867"/>
  <system-out/>
  <testcase classname="practice.testng.InvoiceTest" name="cInvoicewithContactTest" time="26.066"/>
  <system-out/>
</testsuite> <!-- practice.testng.InvoiceTest -->
