<?xml version="1.0" encoding="UTF-8"?>
<!-- Generated by org.testng.reporters.JUnitReportReporter -->
<testsuite hostname="DESKTOP-2VN85IF" failures="0" tests="1" name="com.comcast.crm.product_test.CreateProductwithDateTest" time="13.749" errors="0" timestamp="2024-11-29T15:52:03 EST" skipped="0">
  <testcase classname="com.comcast.crm.product_test.CreateProductwithDateTest" name="createProductwithDateTest" time="13.749"/>
</testsuite> <!-- com.comcast.crm.product_test.CreateProductwithDateTest -->
