<?xml version="1.0" encoding="UTF-8"?>
<!-- Generated by org.testng.reporters.JUnitReportReporter -->
<testsuite hostname="DESKTOP-2VN85IF" failures="0" tests="1" name="com.comcast.crm.leadtest.CreateleadTest" time="13.210" errors="0" timestamp="2024-12-03T13:04:22 EST" skipped="0">
  <testcase classname="com.comcast.crm.leadtest.CreateleadTest" name="createLead" time="13.210"/>
  <system-out/>
</testsuite> <!-- com.comcast.crm.leadtest.CreateleadTest -->
