<?xml version="1.0" encoding="UTF-8"?>
<!-- Generated by org.testng.reporters.JUnitReportReporter -->
<testsuite hostname="DESKTOP-2VN85IF" failures="0" tests="3" name="practice.testng.CreatecontactTest" time="4.391" errors="0" timestamp="2024-12-10T15:52:23 EST" skipped="0">
  <testcase classname="practice.testng.CreatecontactTest" name="createContactTest1" time="4.388"/>
  <system-out/>
  <testcase classname="practice.testng.CreatecontactTest" name="createContactewithOrgTest" time="0.002"/>
  <system-out/>
  <testcase classname="practice.testng.CreatecontactTest" name="createContactewithPhoneTest" time="0.001"/>
  <system-out/>
</testsuite> <!-- practice.testng.CreatecontactTest -->
