<?xml version="1.0" encoding="UTF-8"?>
<!-- Generated by org.testng.reporters.JUnitReportReporter -->
<testsuite hostname="DESKTOP-2VN85IF" failures="0" tests="3" name="com.comcast.crm.newcontacttest.CreateContact" time="49.440" errors="0" timestamp="2024-11-28T11:16:16 EST" skipped="0">
  <testcase classname="com.comcast.crm.newcontacttest.CreateContact" name="creatcontactWithOrg" time="22.867"/>
  <testcase classname="com.comcast.crm.newcontacttest.CreateContact" name="CreateContact" time="13.305"/>
  <testcase classname="com.comcast.crm.newcontacttest.CreateContact" name="CreateContactDate" time="13.268"/>
</testsuite> <!-- com.comcast.crm.newcontacttest.CreateContact -->
