<?xml version="1.0" encoding="UTF-8"?>
<!-- Generated by org.testng.reporters.JUnitReportReporter -->
<testsuite hostname="DESKTOP-2VN85IF" failures="0" tests="3" name="practice.testng.CitiesTest" time="18.622" errors="0" timestamp="2024-12-02T18:00:47 EST" skipped="0">
  <testcase classname="practice.testng.CitiesTest" name="citiesTest" time="6.183"/>
  <system-out/>
  <testcase classname="practice.testng.CitiesTest" name="mTest" time="6.205"/>
  <system-out/>
  <testcase classname="practice.testng.CitiesTest" name="kTest" time="6.234"/>
  <system-out/>
</testsuite> <!-- practice.testng.CitiesTest -->
