<?xml version="1.0" encoding="UTF-8"?>
<!-- Generated by org.testng.reporters.JUnitReportReporter -->
<testsuite hostname="DESKTOP-2VN85IF" failures="0" tests="1" name="practice.testng.DemoTest" time="3.401" errors="0" timestamp="2024-12-07T13:45:19 EST" skipped="0">
  <testcase classname="practice.testng.DemoTest" name="m1" time="3.401"/>
  <system-out/>
</testsuite> <!-- practice.testng.DemoTest -->
