<?xml version="1.0" encoding="UTF-8"?>
<!-- Generated by org.testng.reporters.JUnitReportReporter -->
<testsuite hostname="DESKTOP-2VN85IF" failures="0" tests="1" name="practice.testng.Get_Product_infoTest" time="16.810" errors="0" timestamp="2024-11-26T10:06:33 EST" skipped="0">
  <testcase classname="practice.testng.Get_Product_infoTest" name="get_Product_infoTest" time="16.810"/>
</testsuite> <!-- practice.testng.Get_Product_infoTest -->
