<?xml version="1.0" encoding="UTF-8"?>
<!-- Generated by org.testng.reporters.JUnitReportReporter -->
<testsuite hostname="DESKTOP-2VN85IF" failures="0" tests="3" name="com.comcast.crm.newcontacttest.CreateContactTest" time="48.889" errors="0" timestamp="2024-12-11T11:17:28 EST" skipped="0">
  <testcase classname="com.comcast.crm.newcontacttest.CreateContactTest" name="CreateContactDate" time="13.327"/>
  <system-out/>
  <testcase classname="com.comcast.crm.newcontacttest.CreateContactTest" name="creatcontactWithOrg" time="22.603"/>
  <system-out/>
  <testcase classname="com.comcast.crm.newcontacttest.CreateContactTest" name="CreateContact" time="12.959"/>
  <system-out/>
</testsuite> <!-- com.comcast.crm.newcontacttest.CreateContactTest -->
