<?xml version="1.0" encoding="UTF-8"?>
<!-- Generated by org.testng.reporters.JUnitReportReporter -->
<testsuite hostname="DESKTOP-2VN85IF" failures="0" tests="1" name="com.comcast.crm.product_test.CreateproductTest" time="12.854" errors="0" timestamp="2024-11-29T16:11:29 EST" skipped="0">
  <testcase classname="com.comcast.crm.product_test.CreateproductTest" name="creatProductTest" time="12.854"/>
</testsuite> <!-- com.comcast.crm.product_test.CreateproductTest -->
