<?xml version="1.0" encoding="UTF-8"?>
<!-- Generated by org.testng.reporters.JUnitReportReporter -->
<testsuite hostname="DESKTOP-2VN85IF" failures="0" tests="6" name="practice.testng.OrderTest" time="0.021" errors="0" timestamp="2024-11-25T12:59:09 EST" skipped="1">
  <testcase classname="practice.testng.OrderTest" name="createOrderTest" time="0.014"/>
  <testcase classname="practice.testng.OrderTest" name="createOrderTest" time="0.002"/>
  <testcase classname="practice.testng.OrderTest" name="createOrderTest" time="0.002"/>
  <testcase classname="practice.testng.OrderTest" name="createOrderTest" time="0.001"/>
  <testcase classname="practice.testng.OrderTest" name="createOrderTest" time="0.002"/>
  <testcase classname="practice.testng.OrderTest" name="billingOrderTest">
    <skipped/>
  </testcase> <!-- billingOrderTest -->
</testsuite> <!-- practice.testng.OrderTest -->
