<?xml version="1.0" encoding="UTF-8"?>
<!-- Generated by org.testng.reporters.JUnitReportReporter -->
<testsuite hostname="DESKTOP-2VN85IF" failures="0" tests="3" name="practice.testng.ContactTest" time="0.017" errors="0" timestamp="2024-11-25T12:49:14 EST" skipped="0">
  <testcase classname="practice.testng.ContactTest" name="createContactTest" time="0.011"/>
  <testcase classname="practice.testng.ContactTest" name="deleteContactTest" time="0.004"/>
  <testcase classname="practice.testng.ContactTest" name="modifyContactTest" time="0.002"/>
</testsuite> <!-- practice.testng.ContactTest -->
