<?xml version="1.0" encoding="UTF-8"?>
<!-- Generated by org.testng.reporters.JUnitReportReporter -->
<testsuite hostname="DESKTOP-2VN85IF" failures="0" tests="1" name="com.comcast.crm.neworgtest.CreateorgwithtypeTest" time="14.249" errors="0" timestamp="2024-11-28T11:21:49 EST" skipped="0">
  <testcase classname="com.comcast.crm.neworgtest.CreateorgwithtypeTest" name="createorgwithtype" time="14.249"/>
</testsuite> <!-- com.comcast.crm.neworgtest.CreateorgwithtypeTest -->
