<?xml version="1.0" encoding="UTF-8"?>
<!-- Generated by org.testng.reporters.JUnitReportReporter -->
<testsuite hostname="DESKTOP-2VN85IF" failures="0" tests="2" name="com.pac1.CreateContactTest" time="0.012" errors="0" timestamp="2024-11-26T12:55:58 EST" skipped="0">
  <testcase classname="com.pac1.CreateContactTest" name="createContactTest" time="0.008"/>
  <testcase classname="com.pac1.CreateContactTest" name="createContactdateTest" time="0.004"/>
</testsuite> <!-- com.pac1.CreateContactTest -->
