<?xml version="1.0" encoding="UTF-8"?>
<!-- Generated by org.testng.reporters.JUnitReportReporter -->
<testsuite hostname="DESKTOP-2VN85IF" failures="0" tests="3" name="practice.testng.createContact_DataPro_Test2" time="0.014" errors="0" timestamp="2024-11-25T15:51:19 EST" skipped="0">
  <testcase classname="practice.testng.createContact_DataPro_Test2" name="CreatecontactTest" time="0.002"/>
  <testcase classname="practice.testng.createContact_DataPro_Test2" name="CreatecontactTest" time="0.001"/>
  <testcase classname="practice.testng.createContact_DataPro_Test2" name="CreatecontactTest" time="0.011"/>
</testsuite> <!-- practice.testng.createContact_DataPro_Test2 -->
