<?xml version="1.0" encoding="UTF-8"?>
<!-- Generated by org.testng.reporters.JUnitReportReporter -->
<testsuite hostname="DESKTOP-2VN85IF" failures="0" tests="3" name="com.pac1.Multiple_Bm" time="0.020" errors="0" timestamp="2024-11-26T13:30:10 EST" skipped="0">
  <testcase classname="com.pac1.Multiple_Bm" name="createContact" time="0.015"/>
  <testcase classname="com.pac1.Multiple_Bm" name="createContact" time="0.003"/>
  <testcase classname="com.pac1.Multiple_Bm" name="ceateDD" time="0.002"/>
</testsuite> <!-- com.pac1.Multiple_Bm -->
