<?xml version="1.0" encoding="UTF-8"?>
<!-- Generated by org.testng.reporters.JUnitReportReporter -->
<testsuite hostname="DESKTOP-2VN85IF" failures="0" tests="1" name="practice.testng.ExtentTest1" time="0.009" errors="0" timestamp="2024-12-12T10:36:55 EST" skipped="0">
  <testcase classname="practice.testng.ExtentTest1" name="createDemoTest" time="0.009"/>
  <system-out/>
</testsuite> <!-- practice.testng.ExtentTest1 -->
