<?xml version="1.0" encoding="UTF-8"?>
<!-- Generated by org.testng.reporters.JUnitReportReporter -->
<testsuite hostname="DESKTOP-2VN85IF" failures="0" tests="1" name="practice.testng.HardAssertWithoutAsrt" time="0.012" errors="0" timestamp="2024-12-02T17:16:49 EST" skipped="0">
  <testcase classname="practice.testng.HardAssertWithoutAsrt" name="hardAssertWithoutAsrt" time="0.012"/>
  <system-out/>
</testsuite> <!-- practice.testng.HardAssertWithoutAsrt -->
