<?xml version="1.0" encoding="UTF-8"?>
<!-- Generated by org.testng.reporters.JUnitReportReporter -->
<testsuite hostname="DESKTOP-2VN85IF" failures="0" tests="2" name="com.comcast.crm.orgtest1.CreateOrgTest" time="0.017" errors="0" timestamp="2024-11-26T16:23:49 EST" skipped="0">
  <testcase classname="com.comcast.crm.orgtest1.CreateOrgTest" name="createorgtTest" time="0.005"/>
  <testcase classname="com.comcast.crm.orgtest1.CreateOrgTest" name="createOrgwithindustry" time="0.012"/>
</testsuite> <!-- com.comcast.crm.orgtest1.CreateOrgTest -->
